  ProyectoJueguito.cpp
C:\Users\josep\OneDrive\Documentos\UPC\UPC-Introducción a los Algoritmos\ProyectoJueguito\ProyectoJueguito\ProyectoJueguito.cpp(106,15): warning C4244: 'argumento': conversión de 'time_t' a 'unsigned int'; posible pérdida de datos
C:\Users\josep\OneDrive\Documentos\UPC\UPC-Introducción a los Algoritmos\ProyectoJueguito\ProyectoJueguito\ProyectoJueguito.cpp(113,54): warning C4101: 'puntajepc': variable local sin referencia
C:\Users\josep\OneDrive\Documentos\UPC\UPC-Introducción a los Algoritmos\ProyectoJueguito\ProyectoJueguito\ProyectoJueguito.cpp(112,13): warning C4101: 'j2': variable local sin referencia
C:\Users\josep\OneDrive\Documentos\UPC\UPC-Introducción a los Algoritmos\ProyectoJueguito\ProyectoJueguito\ProyectoJueguito.cpp(112,29): warning C4101: 'j6': variable local sin referencia
C:\Users\josep\OneDrive\Documentos\UPC\UPC-Introducción a los Algoritmos\ProyectoJueguito\ProyectoJueguito\ProyectoJueguito.cpp(112,25): warning C4101: 'j5': variable local sin referencia
C:\Users\josep\OneDrive\Documentos\UPC\UPC-Introducción a los Algoritmos\ProyectoJueguito\ProyectoJueguito\ProyectoJueguito.cpp(113,26): warning C4101: 'puntuajefinalpc': variable local sin referencia
C:\Users\josep\OneDrive\Documentos\UPC\UPC-Introducción a los Algoritmos\ProyectoJueguito\ProyectoJueguito\ProyectoJueguito.cpp(112,9): warning C4101: 'j1': variable local sin referencia
C:\Users\josep\OneDrive\Documentos\UPC\UPC-Introducción a los Algoritmos\ProyectoJueguito\ProyectoJueguito\ProyectoJueguito.cpp(112,45): warning C4101: 'j10': variable local sin referencia
C:\Users\josep\OneDrive\Documentos\UPC\UPC-Introducción a los Algoritmos\ProyectoJueguito\ProyectoJueguito\ProyectoJueguito.cpp(113,9): warning C4101: 'puntuajefinaljg': variable local sin referencia
C:\Users\josep\OneDrive\Documentos\UPC\UPC-Introducción a los Algoritmos\ProyectoJueguito\ProyectoJueguito\ProyectoJueguito.cpp(112,37): warning C4101: 'j8': variable local sin referencia
C:\Users\josep\OneDrive\Documentos\UPC\UPC-Introducción a los Algoritmos\ProyectoJueguito\ProyectoJueguito\ProyectoJueguito.cpp(112,41): warning C4101: 'j9': variable local sin referencia
C:\Users\josep\OneDrive\Documentos\UPC\UPC-Introducción a los Algoritmos\ProyectoJueguito\ProyectoJueguito\ProyectoJueguito.cpp(112,33): warning C4101: 'j7': variable local sin referencia
C:\Users\josep\OneDrive\Documentos\UPC\UPC-Introducción a los Algoritmos\ProyectoJueguito\ProyectoJueguito\ProyectoJueguito.cpp(112,17): warning C4101: 'j3': variable local sin referencia
C:\Users\josep\OneDrive\Documentos\UPC\UPC-Introducción a los Algoritmos\ProyectoJueguito\ProyectoJueguito\ProyectoJueguito.cpp(112,21): warning C4101: 'j4': variable local sin referencia
C:\Users\josep\OneDrive\Documentos\UPC\UPC-Introducción a los Algoritmos\ProyectoJueguito\ProyectoJueguito\ProyectoJueguito.cpp(132): warning C4700: se utilizó la variable local 'dado1' sin inicializar
C:\Users\josep\OneDrive\Documentos\UPC\UPC-Introducción a los Algoritmos\ProyectoJueguito\ProyectoJueguito\ProyectoJueguito.cpp(133): warning C4700: se utilizó la variable local 'dado2' sin inicializar
C:\Users\josep\OneDrive\Documentos\UPC\UPC-Introducción a los Algoritmos\ProyectoJueguito\ProyectoJueguito\ProyectoJueguito.cpp(134): warning C4700: se utilizó la variable local 'dado3' sin inicializar
  AssemblyInfo.obj : se encontró un módulo MSIL; vinculación incremental deshabilitada para MSIL; ejecutando vínculo completo
  ProyectoJueguito.vcxproj -> C:\Users\josep\OneDrive\Documentos\UPC\UPC-Introducción a los Algoritmos\ProyectoJueguito\x64\Debug\ProyectoJueguito.exe
